#
# A fatal error has been detected by the Java Runtime Environment:
#
#  SIGILL (0x4) at pc=0x0000000106edcdbd, pid=61743, tid=0x00000000000055ff
#
# JRE version: OpenJDK Runtime Environment (8.0_112-b06) (build 1.8.0_112-release-b06)
# Java VM: OpenJDK 64-Bit Server VM (25.112-b06 mixed mode bsd-amd64 compressed oops)
# Problematic frame:
# J 7282 C2 java.lang.ClassNotFoundException.<init>(Ljava/lang/String;)V (7 bytes) @ 0x0000000106edcdbd [0x0000000106edcc00+0x1bd]
#
# Failed to write core dump. Core dumps have been disabled. To enable core dumping, try "ulimit -c unlimited" before starting Java again
#
# If you would like to submit a bug report, please visit:
#   http://bugreport.java.com/bugreport/crash.jsp
#

---------------  T H R E A D  ---------------

Current thread (0x00007f8b2eabe000):  JavaThread "Daemon worker Thread 2" [_thread_in_Java, id=22015, stack(0x000070000d960000,0x000070000da60000)]

siginfo: si_signo: 4 (SIGILL), si_code: 1 (ILL_ILLOPC), si_addr: 0x0000000106edcdbd

Registers:
RAX=0x0000000000000005, RBX=0x00000007a4dc5fc0, RCX=0x000000000000005e, RDX=0x00000007a4dc6120
RSP=0x000070000da5a630, RBP=0x00000007a4dc5e98, RSI=0x00000007a4dc5e98, RDI=0x00000007a4dc6084
R8 =0x00007f8b2eabe000, R9 =0x000000000000005e, R10=0x0000000000000005, R11=0x00007f8b2eabe005
R12=0x0000000000000000, R13=0x00000007a4dc6148, R14=0x000000000000000b, R15=0x00007f8b2eabe000
RIP=0x0000000106edcdbd, EFLAGS=0x0000000000010202, ERR=0x0000000000000000
  TRAPNO=0x0000000000000006

Top of Stack: (sp=0x000070000da5a630)
0x000070000da5a630:   00000007a4dc6120 00000007a4dc5e48
0x000070000da5a640:   000000a8a4dc5ec0 00000007603aa918
0x000070000da5a650:   000070000da5a660 00000001064f22a1
0x000070000da5a660:   0000000000000063 00000001070ac6cc
0x000070000da5a670:   00007f8b32938b60 00007f8b32938b70
0x000070000da5a680:   00007f8b32938f48 00000000000003d8
0x000070000da5a690:   00007f8b2eabe000 00007f8b2eabe000
0x000070000da5a6a0:   0000000000000053 0000000000000000
0x000070000da5a6b0:   00007f8b2eabe000 00007f8b2eabe000
0x000070000da5a6c0:   000070000da5a710 000000010656d8fc
0x000070000da5a6d0:   00000007601dcd48 00000007a4dc4a00
0x000070000da5a6e0:   00007f8b00000000 000070000da5a8c0
0x000070000da5a6f0:   00000007a4dc5ec0 00000007a4dc5e98
0x000070000da5a700:   00000007a4dc6120 000000010425b833
0x000070000da5a710:   0000000000000063 0000000106932788
0x000070000da5a720:   00000007a4dc4a00 0000000100000000
0x000070000da5a730:   00000007601dccf8 00001f8f4d084698
0x000070000da5a740:   00000007601dccf8 0000000104123ce6
0x000070000da5a750:   00000007a4dbef30 00007f8b32835950
0x000070000da5a760:   00007f8b32938b60 00007f8b32938b70
0x000070000da5a770:   0000001fc6b57c21 00000007a4dc4a00
0x000070000da5a780:   00007f8ba2588cc8 00007f8b2eabe000
0x000070000da5a790:   0000000000000063 00000001071031dc
0x000070000da5a7a0:   00007f8b2eabe000 00007f8b2eabe000
0x000070000da5a7b0:   000070000da5a800 000000010656d8fc
0x000070000da5a7c0:   00000007601dccf8 00000007a4dc4a00
0x000070000da5a7d0:   0000000700000000 00000001068c8864
0x000070000da5a7e0:   00000007c0014f60 00007f8b2eabe1e0
0x000070000da5a7f0:   000070000da5a800 000000010425b833
0x000070000da5a800:   0000000000000063 0000000106932788
0x000070000da5a810:   00000007a4dc4a00 0000000100000000
0x000070000da5a820:   00000007606bebd8 00001f8f4d081922 

Instructions: (pc=0x0000000106edcdbd)
0x0000000106edcd9d:   8d 49 f7 c0 00 03 00 00 75 0d 48 81 e0 7f 03 00
0x0000000106edcdad:   00 4c 8b d8 4d 0b df f0 4c 0f b1 1e 75 c8 00 e9
0x0000000106edcdbd:   fe ff ff 48 00 44 24 20 48 81 38 00 00 00 00 0f
0x0000000106edcdcd:   84 74 00 00 00 4c 8b 13 49 f7 c2 02 00 00 00 74 

Register to memory mapping:

RAX=0x0000000000000005 is an unknown value
RBX=0x00000007a4dc5fc0 is an oop
[C 
 - klass: {type array char}
 - length: 168
RCX=0x000000000000005e is an unknown value
RDX=0x00000007a4dc6120 is an oop
java.lang.String 
 - klass: 'java/lang/String'
RSP=0x000070000da5a630 is pointing into the stack for thread: 0x00007f8b2eabe000
RBP=0x00000007a4dc5e98 is an oop
java.lang.ClassNotFoundException 
 - klass: 'java/lang/ClassNotFoundException'
RSI=0x00000007a4dc5e98 is an oop
java.lang.ClassNotFoundException 
 - klass: 'java/lang/ClassNotFoundException'
RDI=0x00000007a4dc6084 is an unknown value
R8 =0x00007f8b2eabe000 is a thread
R9 =0x000000000000005e is an unknown value
R10=0x0000000000000005 is an unknown value
R11=0x00007f8b2eabe005 is an unknown value
R12=0x0000000000000000 is an unknown value
R13=0x00000007a4dc6148 is an oop
